2014-08-29 12:42:54,006 [Laptop][Thread:27][FATAL] DotNetNuke.Framework.PageBase - An error has occurred while loading page.
System.InvalidOperationException: Sequence contains no elements
   at System.Data.Linq.SqlClient.SqlProvider.Execute(Expression query, QueryInfo queryInfo, IObjectReaderFactory factory, Object[] parentArgs, Object[] userArgs, ICompiledSubQuery[] subQueries, Object lastResult)
   at System.Data.Linq.SqlClient.SqlProvider.ExecuteAll(Expression query, QueryInfo[] queryInfos, IObjectReaderFactory factory, Object[] userArguments, ICompiledSubQuery[] subQueries)
   at System.Data.Linq.SqlClient.SqlProvider.System.Data.Linq.Provider.IProvider.Execute(Expression query)
   at System.Data.Linq.DataQuery`1.System.Linq.IQueryProvider.Execute[S](Expression expression)
   at System.Linq.Queryable.Single[TSource](IQueryable`1 source)
   at MyDnn_EHaml.Util.GetUserEHamlUserIdByPortalId(Int32 userId)
   at MyDnn_EHaml.MyDnn_EHaml_GeneralList.View.GetInquiryLisGeneral()
   at MyDnn_EHaml.MyDnn_EHaml_GeneralList.View.Page_Load(Object sender, EventArgs e)
   at System.Web.UI.Control.LoadRecursive()
   at System.Web.UI.Control.LoadRecursive()
   at System.Web.UI.Control.LoadRecursive()
   at System.Web.UI.Control.LoadRecursive()
   at System.Web.UI.Control.LoadRecursive()
   at System.Web.UI.Control.LoadRecursive()
   at System.Web.UI.Control.LoadRecursive()
   at System.Web.UI.Control.LoadRecursive()
   at System.Web.UI.Control.LoadRecursive()
   at System.Web.UI.Control.LoadRecursive()
   at System.Web.UI.Control.LoadRecursive()
   at System.Web.UI.Page.ProcessRequestMain(Boolean includeStagesBeforeAsyncPoint, Boolean includeStagesAfterAsyncPoint)
2014-08-29 12:42:54,150 [Laptop][Thread:27][ERROR] DotNetNuke.Services.Exceptions.Exceptions - ~/Default.aspx?tabid=57&error=Sequence+contains+no+elements&content=0
System.InvalidOperationException: Sequence contains no elements
   at System.Data.Linq.SqlClient.SqlProvider.Execute(Expression query, QueryInfo queryInfo, IObjectReaderFactory factory, Object[] parentArgs, Object[] userArgs, ICompiledSubQuery[] subQueries, Object lastResult)
   at System.Data.Linq.SqlClient.SqlProvider.ExecuteAll(Expression query, QueryInfo[] queryInfos, IObjectReaderFactory factory, Object[] userArguments, ICompiledSubQuery[] subQueries)
   at System.Data.Linq.SqlClient.SqlProvider.System.Data.Linq.Provider.IProvider.Execute(Expression query)
   at System.Data.Linq.DataQuery`1.System.Linq.IQueryProvider.Execute[S](Expression expression)
   at System.Linq.Queryable.Single[TSource](IQueryable`1 source)
   at MyDnn_EHaml.Util.GetUserEHamlUserIdByPortalId(Int32 userId)
   at MyDnn_EHaml.MyDnn_EHaml_GeneralList.View.GetInquiryLisGeneral()
   at MyDnn_EHaml.MyDnn_EHaml_GeneralList.View.Page_Load(Object sender, EventArgs e)
   at System.Web.UI.Control.LoadRecursive()
   at System.Web.UI.Control.LoadRecursive()
   at System.Web.UI.Control.LoadRecursive()
   at System.Web.UI.Control.LoadRecursive()
   at System.Web.UI.Control.LoadRecursive()
   at System.Web.UI.Control.LoadRecursive()
   at System.Web.UI.Control.LoadRecursive()
   at System.Web.UI.Control.LoadRecursive()
   at System.Web.UI.Control.LoadRecursive()
   at System.Web.UI.Control.LoadRecursive()
   at System.Web.UI.Control.LoadRecursive()
   at System.Web.UI.Page.ProcessRequestMain(Boolean includeStagesBeforeAsyncPoint, Boolean includeStagesAfterAsyncPoint)
2014-08-29 12:44:34,676 [Laptop][Thread:26][FATAL] DotNetNuke.Framework.PageBase - An error has occurred while loading page.
System.InvalidOperationException: Sequence contains no elements
   at System.Data.Linq.SqlClient.SqlProvider.Execute(Expression query, QueryInfo queryInfo, IObjectReaderFactory factory, Object[] parentArgs, Object[] userArgs, ICompiledSubQuery[] subQueries, Object lastResult)
   at System.Data.Linq.SqlClient.SqlProvider.ExecuteAll(Expression query, QueryInfo[] queryInfos, IObjectReaderFactory factory, Object[] userArguments, ICompiledSubQuery[] subQueries)
   at System.Data.Linq.SqlClient.SqlProvider.System.Data.Linq.Provider.IProvider.Execute(Expression query)
   at System.Data.Linq.DataQuery`1.System.Linq.IQueryProvider.Execute[S](Expression expression)
   at System.Linq.Queryable.Single[TSource](IQueryable`1 source)
   at MyDnn_EHaml.Util.GetUserEHamlUserIdByPortalId(Int32 userId)
   at MyDnn_EHaml.MyDnn_EHaml_GeneralList.View.GetInquiryLisGeneral()
   at MyDnn_EHaml.MyDnn_EHaml_GeneralList.View.Page_Load(Object sender, EventArgs e)
   at System.Web.UI.Control.LoadRecursive()
   at System.Web.UI.Control.LoadRecursive()
   at System.Web.UI.Control.LoadRecursive()
   at System.Web.UI.Control.LoadRecursive()
   at System.Web.UI.Control.LoadRecursive()
   at System.Web.UI.Control.LoadRecursive()
   at System.Web.UI.Control.LoadRecursive()
   at System.Web.UI.Control.LoadRecursive()
   at System.Web.UI.Control.LoadRecursive()
   at System.Web.UI.Control.LoadRecursive()
   at System.Web.UI.Control.LoadRecursive()
   at System.Web.UI.Page.ProcessRequestMain(Boolean includeStagesBeforeAsyncPoint, Boolean includeStagesAfterAsyncPoint)
2014-08-29 12:44:34,679 [Laptop][Thread:26][ERROR] DotNetNuke.Services.Exceptions.Exceptions - ~/Default.aspx?tabid=57&error=Sequence+contains+no+elements&content=0
System.InvalidOperationException: Sequence contains no elements
   at System.Data.Linq.SqlClient.SqlProvider.Execute(Expression query, QueryInfo queryInfo, IObjectReaderFactory factory, Object[] parentArgs, Object[] userArgs, ICompiledSubQuery[] subQueries, Object lastResult)
   at System.Data.Linq.SqlClient.SqlProvider.ExecuteAll(Expression query, QueryInfo[] queryInfos, IObjectReaderFactory factory, Object[] userArguments, ICompiledSubQuery[] subQueries)
   at System.Data.Linq.SqlClient.SqlProvider.System.Data.Linq.Provider.IProvider.Execute(Expression query)
   at System.Data.Linq.DataQuery`1.System.Linq.IQueryProvider.Execute[S](Expression expression)
   at System.Linq.Queryable.Single[TSource](IQueryable`1 source)
   at MyDnn_EHaml.Util.GetUserEHamlUserIdByPortalId(Int32 userId)
   at MyDnn_EHaml.MyDnn_EHaml_GeneralList.View.GetInquiryLisGeneral()
   at MyDnn_EHaml.MyDnn_EHaml_GeneralList.View.Page_Load(Object sender, EventArgs e)
   at System.Web.UI.Control.LoadRecursive()
   at System.Web.UI.Control.LoadRecursive()
   at System.Web.UI.Control.LoadRecursive()
   at System.Web.UI.Control.LoadRecursive()
   at System.Web.UI.Control.LoadRecursive()
   at System.Web.UI.Control.LoadRecursive()
   at System.Web.UI.Control.LoadRecursive()
   at System.Web.UI.Control.LoadRecursive()
   at System.Web.UI.Control.LoadRecursive()
   at System.Web.UI.Control.LoadRecursive()
   at System.Web.UI.Control.LoadRecursive()
   at System.Web.UI.Page.ProcessRequestMain(Boolean includeStagesBeforeAsyncPoint, Boolean includeStagesAfterAsyncPoint)
2014-08-29 12:45:56,366 [Laptop][Thread:24][FATAL] DotNetNuke.Framework.PageBase - An error has occurred while loading page.
System.InvalidOperationException: Sequence contains no elements
   at System.Data.Linq.SqlClient.SqlProvider.Execute(Expression query, QueryInfo queryInfo, IObjectReaderFactory factory, Object[] parentArgs, Object[] userArgs, ICompiledSubQuery[] subQueries, Object lastResult)
   at System.Data.Linq.SqlClient.SqlProvider.ExecuteAll(Expression query, QueryInfo[] queryInfos, IObjectReaderFactory factory, Object[] userArguments, ICompiledSubQuery[] subQueries)
   at System.Data.Linq.SqlClient.SqlProvider.System.Data.Linq.Provider.IProvider.Execute(Expression query)
   at System.Data.Linq.DataQuery`1.System.Linq.IQueryProvider.Execute[S](Expression expression)
   at System.Linq.Queryable.Single[TSource](IQueryable`1 source)
   at MyDnn_EHaml.Util.GetUserEHamlUserIdByPortalId(Int32 userId)
   at MyDnn_EHaml.MyDnn_EHaml_GeneralList.View.GetInquiryLisGeneral()
   at MyDnn_EHaml.MyDnn_EHaml_GeneralList.View.Page_Load(Object sender, EventArgs e)
   at System.Web.UI.Control.LoadRecursive()
   at System.Web.UI.Control.LoadRecursive()
   at System.Web.UI.Control.LoadRecursive()
   at System.Web.UI.Control.LoadRecursive()
   at System.Web.UI.Control.LoadRecursive()
   at System.Web.UI.Control.LoadRecursive()
   at System.Web.UI.Control.LoadRecursive()
   at System.Web.UI.Control.LoadRecursive()
   at System.Web.UI.Control.LoadRecursive()
   at System.Web.UI.Control.LoadRecursive()
   at System.Web.UI.Control.LoadRecursive()
   at System.Web.UI.Page.ProcessRequestMain(Boolean includeStagesBeforeAsyncPoint, Boolean includeStagesAfterAsyncPoint)
2014-08-29 12:45:56,369 [Laptop][Thread:24][ERROR] DotNetNuke.Services.Exceptions.Exceptions - ~/Default.aspx?tabid=57&error=Sequence+contains+no+elements&content=0
System.InvalidOperationException: Sequence contains no elements
   at System.Data.Linq.SqlClient.SqlProvider.Execute(Expression query, QueryInfo queryInfo, IObjectReaderFactory factory, Object[] parentArgs, Object[] userArgs, ICompiledSubQuery[] subQueries, Object lastResult)
   at System.Data.Linq.SqlClient.SqlProvider.ExecuteAll(Expression query, QueryInfo[] queryInfos, IObjectReaderFactory factory, Object[] userArguments, ICompiledSubQuery[] subQueries)
   at System.Data.Linq.SqlClient.SqlProvider.System.Data.Linq.Provider.IProvider.Execute(Expression query)
   at System.Data.Linq.DataQuery`1.System.Linq.IQueryProvider.Execute[S](Expression expression)
   at System.Linq.Queryable.Single[TSource](IQueryable`1 source)
   at MyDnn_EHaml.Util.GetUserEHamlUserIdByPortalId(Int32 userId)
   at MyDnn_EHaml.MyDnn_EHaml_GeneralList.View.GetInquiryLisGeneral()
   at MyDnn_EHaml.MyDnn_EHaml_GeneralList.View.Page_Load(Object sender, EventArgs e)
   at System.Web.UI.Control.LoadRecursive()
   at System.Web.UI.Control.LoadRecursive()
   at System.Web.UI.Control.LoadRecursive()
   at System.Web.UI.Control.LoadRecursive()
   at System.Web.UI.Control.LoadRecursive()
   at System.Web.UI.Control.LoadRecursive()
   at System.Web.UI.Control.LoadRecursive()
   at System.Web.UI.Control.LoadRecursive()
   at System.Web.UI.Control.LoadRecursive()
   at System.Web.UI.Control.LoadRecursive()
   at System.Web.UI.Control.LoadRecursive()
   at System.Web.UI.Page.ProcessRequestMain(Boolean includeStagesBeforeAsyncPoint, Boolean includeStagesAfterAsyncPoint)
2014-08-29 12:45:57,555 [Laptop][Thread:31][FATAL] DotNetNuke.Framework.PageBase - An error has occurred while loading page.
System.InvalidOperationException: Sequence contains no elements
   at System.Data.Linq.SqlClient.SqlProvider.Execute(Expression query, QueryInfo queryInfo, IObjectReaderFactory factory, Object[] parentArgs, Object[] userArgs, ICompiledSubQuery[] subQueries, Object lastResult)
   at System.Data.Linq.SqlClient.SqlProvider.ExecuteAll(Expression query, QueryInfo[] queryInfos, IObjectReaderFactory factory, Object[] userArguments, ICompiledSubQuery[] subQueries)
   at System.Data.Linq.SqlClient.SqlProvider.System.Data.Linq.Provider.IProvider.Execute(Expression query)
   at System.Data.Linq.DataQuery`1.System.Linq.IQueryProvider.Execute[S](Expression expression)
   at System.Linq.Queryable.Single[TSource](IQueryable`1 source)
   at MyDnn_EHaml.Util.GetUserEHamlUserIdByPortalId(Int32 userId)
   at MyDnn_EHaml.MyDnn_EHaml_GeneralList.View.GetInquiryLisGeneral()
   at MyDnn_EHaml.MyDnn_EHaml_GeneralList.View.Page_Load(Object sender, EventArgs e)
   at System.Web.UI.Control.LoadRecursive()
   at System.Web.UI.Control.LoadRecursive()
   at System.Web.UI.Control.LoadRecursive()
   at System.Web.UI.Control.LoadRecursive()
   at System.Web.UI.Control.LoadRecursive()
   at System.Web.UI.Control.LoadRecursive()
   at System.Web.UI.Control.LoadRecursive()
   at System.Web.UI.Control.LoadRecursive()
   at System.Web.UI.Control.LoadRecursive()
   at System.Web.UI.Control.LoadRecursive()
   at System.Web.UI.Control.LoadRecursive()
   at System.Web.UI.Page.ProcessRequestMain(Boolean includeStagesBeforeAsyncPoint, Boolean includeStagesAfterAsyncPoint)
2014-08-29 12:45:57,559 [Laptop][Thread:31][ERROR] DotNetNuke.Services.Exceptions.Exceptions - ~/Default.aspx?tabid=57&error=Sequence+contains+no+elements&content=0
System.InvalidOperationException: Sequence contains no elements
   at System.Data.Linq.SqlClient.SqlProvider.Execute(Expression query, QueryInfo queryInfo, IObjectReaderFactory factory, Object[] parentArgs, Object[] userArgs, ICompiledSubQuery[] subQueries, Object lastResult)
   at System.Data.Linq.SqlClient.SqlProvider.ExecuteAll(Expression query, QueryInfo[] queryInfos, IObjectReaderFactory factory, Object[] userArguments, ICompiledSubQuery[] subQueries)
   at System.Data.Linq.SqlClient.SqlProvider.System.Data.Linq.Provider.IProvider.Execute(Expression query)
   at System.Data.Linq.DataQuery`1.System.Linq.IQueryProvider.Execute[S](Expression expression)
   at System.Linq.Queryable.Single[TSource](IQueryable`1 source)
   at MyDnn_EHaml.Util.GetUserEHamlUserIdByPortalId(Int32 userId)
   at MyDnn_EHaml.MyDnn_EHaml_GeneralList.View.GetInquiryLisGeneral()
   at MyDnn_EHaml.MyDnn_EHaml_GeneralList.View.Page_Load(Object sender, EventArgs e)
   at System.Web.UI.Control.LoadRecursive()
   at System.Web.UI.Control.LoadRecursive()
   at System.Web.UI.Control.LoadRecursive()
   at System.Web.UI.Control.LoadRecursive()
   at System.Web.UI.Control.LoadRecursive()
   at System.Web.UI.Control.LoadRecursive()
   at System.Web.UI.Control.LoadRecursive()
   at System.Web.UI.Control.LoadRecursive()
   at System.Web.UI.Control.LoadRecursive()
   at System.Web.UI.Control.LoadRecursive()
   at System.Web.UI.Control.LoadRecursive()
   at System.Web.UI.Page.ProcessRequestMain(Boolean includeStagesBeforeAsyncPoint, Boolean includeStagesAfterAsyncPoint)
2014-08-29 15:56:26,997 [Laptop][Thread:59][ERROR] DotNetNuke.Services.Exceptions.Exceptions - System.Threading.ThreadAbortException: Thread was being aborted.
   at System.Threading.Thread.AbortInternal()
   at System.Threading.Thread.Abort(Object stateInfo)
   at System.Web.HttpResponse.AbortCurrentThread()
   at DotNetNuke.UI.Modules.ProfileModuleUserControlBase.OnInit(EventArgs e)
   at DotNetNuke.Modules.Admin.Users.ViewProfile.OnInit(EventArgs e)
   at System.Web.UI.Control.InitRecursive(Control namingContainer)
   at System.Web.UI.Control.AddedControl(Control control, Int32 index)
   at DotNetNuke.UI.Modules.ModuleHost.InjectModuleContent(Control content)
   at System.Web.UI.Control.EnsureChildControls()
   at DotNetNuke.UI.Containers.Container.get_ModuleControl()
   at DotNetNuke.UI.Containers.Container.ProcessModule()
   at DotNetNuke.UI.Skins.Pane.InjectModule(ModuleInfo module)
2014-08-29 15:56:27,349 [Laptop][Thread:59][ERROR] DotNetNuke.Services.Exceptions.Exceptions - DotNetNuke.Services.Exceptions.ModuleLoadException: ÎØÇíí ÏÑ åäÇã ÇÝÒæÏä ãÇŽæá ÑÎ ÏÇÏå ContentPane ---> System.Threading.ThreadAbortException: Thread was being aborted.
   at System.Threading.Thread.AbortInternal()
   at System.Threading.Thread.Abort(Object stateInfo)
   at System.Web.HttpResponse.AbortCurrentThread()
   at DotNetNuke.UI.Modules.ProfileModuleUserControlBase.OnInit(EventArgs e)
   at DotNetNuke.Modules.Admin.Users.ViewProfile.OnInit(EventArgs e)
   at System.Web.UI.Control.InitRecursive(Control namingContainer)
   at System.Web.UI.Control.AddedControl(Control control, Int32 index)
   at DotNetNuke.UI.Modules.ModuleHost.InjectModuleContent(Control content)
   at System.Web.UI.Control.EnsureChildControls()
   at DotNetNuke.UI.Containers.Container.get_ModuleControl()
   at DotNetNuke.UI.Containers.Container.ProcessModule()
   at DotNetNuke.UI.Skins.Pane.InjectModule(ModuleInfo module)
   --- End of inner exception stack trace ---
   at DotNetNuke.UI.Skins.Pane.InjectModule(ModuleInfo module)
   at DotNetNuke.UI.Skins.Skin.InjectModule(Pane pane, ModuleInfo module)
2014-08-29 17:13:16,744 [Laptop][Thread:64][FATAL] DotNetNuke.Framework.PageBase - An error has occurred while loading page.
System.FormatException: String was not recognized as a valid Boolean.
   at System.Boolean.Parse(String value)
   at MyDnn_EHaml.MyDnn_EHaml_Inquiries.Inquiry_Tj.LnkSubmitOnClick(Object sender, EventArgs eventArgs)
   at System.Web.UI.WebControls.LinkButton.RaisePostBackEvent(String eventArgument)
   at System.Web.UI.Page.ProcessRequestMain(Boolean includeStagesBeforeAsyncPoint, Boolean includeStagesAfterAsyncPoint)
2014-08-29 17:13:16,886 [Laptop][Thread:64][ERROR] DotNetNuke.Services.Exceptions.Exceptions - ~/Default.aspx?tabid=1125&error=An unexpected error has occurred
System.FormatException: String was not recognized as a valid Boolean.
   at System.Boolean.Parse(String value)
   at MyDnn_EHaml.MyDnn_EHaml_Inquiries.Inquiry_Tj.LnkSubmitOnClick(Object sender, EventArgs eventArgs)
   at System.Web.UI.WebControls.LinkButton.RaisePostBackEvent(String eventArgument)
   at System.Web.UI.Page.ProcessRequestMain(Boolean includeStagesBeforeAsyncPoint, Boolean includeStagesAfterAsyncPoint)
2014-08-29 17:35:58,208 [Laptop][Thread:69][ERROR] DotNetNuke.Services.FileSystem.FileServerHandler - System.Threading.ThreadAbortException: Thread was being aborted.
   at System.Threading.Thread.AbortInternal()
   at System.Threading.Thread.Abort(Object stateInfo)
   at System.Web.HttpResponse.AbortCurrentThread()
   at DotNetNuke.Services.FileSystem.FileManager.WriteFileToHttpContext(IFileInfo file, ContentDisposition contentDisposition)
   at DotNetNuke.Services.FileSystem.FileServerHandler.ProcessRequest(HttpContext context)
2014-08-29 17:35:58,259 [Laptop][Thread:69][ERROR] DotNetNuke.Services.FileSystem.FileServerHandler - System.Threading.ThreadAbortException: Thread was being aborted.
   at DotNetNuke.Services.FileSystem.FileServerHandler.ProcessRequest(HttpContext context)
2014-08-29 18:20:01,261 [Laptop][Thread:67][FATAL] DotNetNuke.Web.Common.Internal.DotNetNukeHttpApplication - System.NullReferenceException: Object reference not set to an instance of an object.
   at System.Collections.Generic.Dictionary`2.Insert(TKey key, TValue value, Boolean add)
   at DotNetNuke.Entities.Users.UserInfo.get_Social()
   at DotNetNuke.Entities.Users.UserInfo.get_Roles()
   at DotNetNuke.Entities.Users.UserInfo.IsInRole(String role)
   at DotNetNuke.HttpModules.Membership.MembershipModule.AuthenticateRequest(HttpContextBase context, Boolean allowUnknownExtensinons)
   at System.Web.HttpApplication.SyncEventExecutionStep.System.Web.HttpApplication.IExecutionStep.Execute()
   at System.Web.HttpApplication.ExecuteStep(IExecutionStep step, Boolean& completedSynchronously)
2014-08-29 18:50:22,442 [Laptop][Thread:55][FATAL] DotNetNuke.Framework.PageBase - An error has occurred while loading page.
System.FormatException: Input string was not in a correct format.
   at System.Number.ParseSingle(String value, NumberStyles options, NumberFormatInfo numfmt)
   at System.Single.Parse(String s)
   at MyDnn_EHaml.MyDnn_EHaml_Inquiries.Inquiry_ZDF.lnkSubmit_Click(Object sender, EventArgs e)
   at System.Web.UI.WebControls.LinkButton.RaisePostBackEvent(String eventArgument)
   at System.Web.UI.Page.ProcessRequestMain(Boolean includeStagesBeforeAsyncPoint, Boolean includeStagesAfterAsyncPoint)
2014-08-29 18:50:22,600 [Laptop][Thread:55][ERROR] DotNetNuke.Services.Exceptions.Exceptions - ~/Default.aspx?tabid=108&error=An unexpected error has occurred
System.FormatException: Input string was not in a correct format.
   at System.Number.ParseSingle(String value, NumberStyles options, NumberFormatInfo numfmt)
   at System.Single.Parse(String s)
   at MyDnn_EHaml.MyDnn_EHaml_Inquiries.Inquiry_ZDF.lnkSubmit_Click(Object sender, EventArgs e)
   at System.Web.UI.WebControls.LinkButton.RaisePostBackEvent(String eventArgument)
   at System.Web.UI.Page.ProcessRequestMain(Boolean includeStagesBeforeAsyncPoint, Boolean includeStagesAfterAsyncPoint)
2014-08-29 18:50:24,038 [Laptop][Thread:74][FATAL] DotNetNuke.Framework.PageBase - An error has occurred while loading page.
System.FormatException: Input string was not in a correct format.
   at System.Number.ParseSingle(String value, NumberStyles options, NumberFormatInfo numfmt)
   at System.Single.Parse(String s)
   at MyDnn_EHaml.MyDnn_EHaml_Inquiries.Inquiry_ZDF.lnkSubmit_Click(Object sender, EventArgs e)
   at System.Web.UI.WebControls.LinkButton.RaisePostBackEvent(String eventArgument)
   at System.Web.UI.Page.ProcessRequestMain(Boolean includeStagesBeforeAsyncPoint, Boolean includeStagesAfterAsyncPoint)
2014-08-29 18:50:24,041 [Laptop][Thread:74][ERROR] DotNetNuke.Services.Exceptions.Exceptions - ~/Default.aspx?tabid=108&error=An unexpected error has occurred
System.FormatException: Input string was not in a correct format.
   at System.Number.ParseSingle(String value, NumberStyles options, NumberFormatInfo numfmt)
   at System.Single.Parse(String s)
   at MyDnn_EHaml.MyDnn_EHaml_Inquiries.Inquiry_ZDF.lnkSubmit_Click(Object sender, EventArgs e)
   at System.Web.UI.WebControls.LinkButton.RaisePostBackEvent(String eventArgument)
   at System.Web.UI.Page.ProcessRequestMain(Boolean includeStagesBeforeAsyncPoint, Boolean includeStagesAfterAsyncPoint)
2014-08-29 18:50:25,072 [Laptop][Thread:55][FATAL] DotNetNuke.Framework.PageBase - An error has occurred while loading page.
System.FormatException: Input string was not in a correct format.
   at System.Number.ParseSingle(String value, NumberStyles options, NumberFormatInfo numfmt)
   at System.Single.Parse(String s)
   at MyDnn_EHaml.MyDnn_EHaml_Inquiries.Inquiry_ZDF.lnkSubmit_Click(Object sender, EventArgs e)
   at System.Web.UI.WebControls.LinkButton.RaisePostBackEvent(String eventArgument)
   at System.Web.UI.Page.ProcessRequestMain(Boolean includeStagesBeforeAsyncPoint, Boolean includeStagesAfterAsyncPoint)
2014-08-29 18:50:25,075 [Laptop][Thread:55][ERROR] DotNetNuke.Services.Exceptions.Exceptions - ~/Default.aspx?tabid=108&error=An unexpected error has occurred
System.FormatException: Input string was not in a correct format.
   at System.Number.ParseSingle(String value, NumberStyles options, NumberFormatInfo numfmt)
   at System.Single.Parse(String s)
   at MyDnn_EHaml.MyDnn_EHaml_Inquiries.Inquiry_ZDF.lnkSubmit_Click(Object sender, EventArgs e)
   at System.Web.UI.WebControls.LinkButton.RaisePostBackEvent(String eventArgument)
   at System.Web.UI.Page.ProcessRequestMain(Boolean includeStagesBeforeAsyncPoint, Boolean includeStagesAfterAsyncPoint)
2014-08-29 18:50:25,691 [Laptop][Thread:12][FATAL] DotNetNuke.Framework.PageBase - An error has occurred while loading page.
System.FormatException: Input string was not in a correct format.
   at System.Number.ParseSingle(String value, NumberStyles options, NumberFormatInfo numfmt)
   at System.Single.Parse(String s)
   at MyDnn_EHaml.MyDnn_EHaml_Inquiries.Inquiry_ZDF.lnkSubmit_Click(Object sender, EventArgs e)
   at System.Web.UI.WebControls.LinkButton.RaisePostBackEvent(String eventArgument)
   at System.Web.UI.Page.ProcessRequestMain(Boolean includeStagesBeforeAsyncPoint, Boolean includeStagesAfterAsyncPoint)
2014-08-29 18:50:25,694 [Laptop][Thread:12][ERROR] DotNetNuke.Services.Exceptions.Exceptions - ~/Default.aspx?tabid=108&error=An unexpected error has occurred
System.FormatException: Input string was not in a correct format.
   at System.Number.ParseSingle(String value, NumberStyles options, NumberFormatInfo numfmt)
   at System.Single.Parse(String s)
   at MyDnn_EHaml.MyDnn_EHaml_Inquiries.Inquiry_ZDF.lnkSubmit_Click(Object sender, EventArgs e)
   at System.Web.UI.WebControls.LinkButton.RaisePostBackEvent(String eventArgument)
   at System.Web.UI.Page.ProcessRequestMain(Boolean includeStagesBeforeAsyncPoint, Boolean includeStagesAfterAsyncPoint)
2014-08-29 18:50:26,290 [Laptop][Thread:76][FATAL] DotNetNuke.Framework.PageBase - An error has occurred while loading page.
System.FormatException: Input string was not in a correct format.
   at System.Number.ParseSingle(String value, NumberStyles options, NumberFormatInfo numfmt)
   at System.Single.Parse(String s)
   at MyDnn_EHaml.MyDnn_EHaml_Inquiries.Inquiry_ZDF.lnkSubmit_Click(Object sender, EventArgs e)
   at System.Web.UI.WebControls.LinkButton.RaisePostBackEvent(String eventArgument)
   at System.Web.UI.Page.ProcessRequestMain(Boolean includeStagesBeforeAsyncPoint, Boolean includeStagesAfterAsyncPoint)
2014-08-29 18:50:26,293 [Laptop][Thread:76][ERROR] DotNetNuke.Services.Exceptions.Exceptions - ~/Default.aspx?tabid=108&error=An unexpected error has occurred
System.FormatException: Input string was not in a correct format.
   at System.Number.ParseSingle(String value, NumberStyles options, NumberFormatInfo numfmt)
   at System.Single.Parse(String s)
   at MyDnn_EHaml.MyDnn_EHaml_Inquiries.Inquiry_ZDF.lnkSubmit_Click(Object sender, EventArgs e)
   at System.Web.UI.WebControls.LinkButton.RaisePostBackEvent(String eventArgument)
   at System.Web.UI.Page.ProcessRequestMain(Boolean includeStagesBeforeAsyncPoint, Boolean includeStagesAfterAsyncPoint)
2014-08-29 18:50:26,792 [Laptop][Thread:12][FATAL] DotNetNuke.Framework.PageBase - An error has occurred while loading page.
System.FormatException: Input string was not in a correct format.
   at System.Number.ParseSingle(String value, NumberStyles options, NumberFormatInfo numfmt)
   at System.Single.Parse(String s)
   at MyDnn_EHaml.MyDnn_EHaml_Inquiries.Inquiry_ZDF.lnkSubmit_Click(Object sender, EventArgs e)
   at System.Web.UI.WebControls.LinkButton.RaisePostBackEvent(String eventArgument)
   at System.Web.UI.Page.ProcessRequestMain(Boolean includeStagesBeforeAsyncPoint, Boolean includeStagesAfterAsyncPoint)
2014-08-29 18:50:26,795 [Laptop][Thread:12][ERROR] DotNetNuke.Services.Exceptions.Exceptions - ~/Default.aspx?tabid=108&error=An unexpected error has occurred
System.FormatException: Input string was not in a correct format.
   at System.Number.ParseSingle(String value, NumberStyles options, NumberFormatInfo numfmt)
   at System.Single.Parse(String s)
   at MyDnn_EHaml.MyDnn_EHaml_Inquiries.Inquiry_ZDF.lnkSubmit_Click(Object sender, EventArgs e)
   at System.Web.UI.WebControls.LinkButton.RaisePostBackEvent(String eventArgument)
   at System.Web.UI.Page.ProcessRequestMain(Boolean includeStagesBeforeAsyncPoint, Boolean includeStagesAfterAsyncPoint)
2014-08-29 21:03:35,070 [Laptop][Thread:29][ERROR] DotNetNuke.UI.Modules.ModuleHost - System.Web.HttpParseException (0x80004005): Cannot create an object of type 'System.DateTime' from its string representation '<%=DateTime.Now.Date%>' for the 'MinDate' property. ---> System.Web.HttpParseException (0x80004005): Cannot create an object of type 'System.DateTime' from its string representation '<%=DateTime.Now.Date%>' for the 'MinDate' property. ---> System.Web.HttpException (0x80004005): Cannot create an object of type 'System.DateTime' from its string representation '<%=DateTime.Now.Date%>' for the 'MinDate' property.
   at System.Web.UI.PropertyConverter.ObjectFromString(Type objType, MemberInfo propertyInfo, String value)
   at System.Web.UI.ControlBuilder.AddProperty(String filter, String name, String value, Boolean mainDirectiveMode)
   at System.Web.UI.ControlBuilder.PreprocessAttributes(ParsedAttributeCollection attribs)
   at System.Web.UI.ControlBuilder.Init(TemplateParser parser, ControlBuilder parentBuilder, Type type, String tagName, String id, IDictionary attribs)
   at System.Web.UI.ControlBuilder.CreateBuilderFromType(TemplateParser parser, ControlBuilder parentBuilder, Type type, String tagName, String id, IDictionary attribs, Int32 line, String sourceFileName)
   at System.Web.UI.ControlBuilder.CreateChildBuilder(String filter, String tagName, IDictionary attribs, TemplateParser parser, ControlBuilder parentBuilder, String id, Int32 line, VirtualPath virtualPath, Type& childType, Boolean defaultProperty)
   at System.Web.UI.TemplateParser.ProcessBeginTag(Match match, String inputText)
   at System.Web.UI.TemplateParser.ParseStringInternal(String text, Encoding fileEncoding)
   at System.Web.UI.TemplateParser.ProcessException(Exception ex)
   at System.Web.UI.TemplateParser.ParseStringInternal(String text, Encoding fileEncoding)
   at System.Web.UI.TemplateParser.ParseString(String text, VirtualPath virtualPath, Encoding fileEncoding)
   at System.Web.UI.TemplateParser.ParseString(String text, VirtualPath virtualPath, Encoding fileEncoding)
   at System.Web.UI.TemplateParser.ParseFile(String physicalPath, VirtualPath virtualPath)
   at System.Web.UI.TemplateParser.Parse()
   at System.Web.Compilation.BaseTemplateBuildProvider.get_CodeCompilerType()
   at System.Web.Compilation.BuildProvider.GetCompilerTypeFromBuildProvider(BuildProvider buildProvider)
   at System.Web.Compilation.BuildProvidersCompiler.ProcessBuildProviders()
   at System.Web.Compilation.BuildProvidersCompiler.PerformBuild()
   at System.Web.Compilation.BuildManager.CompileWebFile(VirtualPath virtualPath)
   at System.Web.Compilation.BuildManager.GetVPathBuildResultInternal(VirtualPath virtualPath, Boolean noBuild, Boolean allowCrossApp, Boolean allowBuildInPrecompile, Boolean throwIfNotFound, Boolean ensureIsUpToDate)
   at System.Web.Compilation.BuildManager.GetVPathBuildResultWithNoAssert(HttpContext context, VirtualPath virtualPath, Boolean noBuild, Boolean allowCrossApp, Boolean allowBuildInPrecompile, Boolean throwIfNotFound, Boolean ensureIsUpToDate)
   at System.Web.Compilation.BuildManager.GetVPathBuildResult(HttpContext context, VirtualPath virtualPath, Boolean noBuild, Boolean allowCrossApp, Boolean allowBuildInPrecompile, Boolean ensureIsUpToDate)
   at System.Web.UI.TemplateControl.LoadControl(VirtualPath virtualPath)
   at DotNetNuke.UI.ControlUtilities.LoadControl[T](TemplateControl containerControl, String ControlSrc)
   at DotNetNuke.UI.Modules.ModuleControlFactory.LoadModuleControl(TemplateControl containerControl, ModuleInfo moduleConfiguration)
   at DotNetNuke.UI.Modules.ModuleHost.LoadModuleControl()
2014-08-29 21:03:38,617 [Laptop][Thread:24][ERROR] DotNetNuke.UI.Modules.ModuleHost - System.Web.HttpParseException (0x80004005): Cannot create an object of type 'System.DateTime' from its string representation '<%=DateTime.Now.Date%>' for the 'MinDate' property. ---> System.Web.HttpParseException (0x80004005): Cannot create an object of type 'System.DateTime' from its string representation '<%=DateTime.Now.Date%>' for the 'MinDate' property. ---> System.Web.HttpException (0x80004005): Cannot create an object of type 'System.DateTime' from its string representation '<%=DateTime.Now.Date%>' for the 'MinDate' property.
   at System.Web.UI.PropertyConverter.ObjectFromString(Type objType, MemberInfo propertyInfo, String value)
   at System.Web.UI.ControlBuilder.AddProperty(String filter, String name, String value, Boolean mainDirectiveMode)
   at System.Web.UI.ControlBuilder.PreprocessAttributes(ParsedAttributeCollection attribs)
   at System.Web.UI.ControlBuilder.Init(TemplateParser parser, ControlBuilder parentBuilder, Type type, String tagName, String id, IDictionary attribs)
   at System.Web.UI.ControlBuilder.CreateBuilderFromType(TemplateParser parser, ControlBuilder parentBuilder, Type type, String tagName, String id, IDictionary attribs, Int32 line, String sourceFileName)
   at System.Web.UI.ControlBuilder.CreateChildBuilder(String filter, String tagName, IDictionary attribs, TemplateParser parser, ControlBuilder parentBuilder, String id, Int32 line, VirtualPath virtualPath, Type& childType, Boolean defaultProperty)
   at System.Web.UI.TemplateParser.ProcessBeginTag(Match match, String inputText)
   at System.Web.UI.TemplateParser.ParseStringInternal(String text, Encoding fileEncoding)
   at System.Web.UI.TemplateParser.ProcessException(Exception ex)
   at System.Web.UI.TemplateParser.ParseStringInternal(String text, Encoding fileEncoding)
   at System.Web.UI.TemplateParser.ParseString(String text, VirtualPath virtualPath, Encoding fileEncoding)
   at System.Web.UI.TemplateParser.ParseString(String text, VirtualPath virtualPath, Encoding fileEncoding)
   at System.Web.UI.TemplateParser.ParseFile(String physicalPath, VirtualPath virtualPath)
   at System.Web.UI.TemplateParser.Parse()
   at System.Web.Compilation.BaseTemplateBuildProvider.get_CodeCompilerType()
   at System.Web.Compilation.BuildProvider.GetCompilerTypeFromBuildProvider(BuildProvider buildProvider)
   at System.Web.Compilation.BuildProvidersCompiler.ProcessBuildProviders()
   at System.Web.Compilation.BuildProvidersCompiler.PerformBuild()
   at System.Web.Compilation.BuildManager.CompileWebFile(VirtualPath virtualPath)
   at System.Web.Compilation.BuildManager.GetVPathBuildResultInternal(VirtualPath virtualPath, Boolean noBuild, Boolean allowCrossApp, Boolean allowBuildInPrecompile, Boolean throwIfNotFound, Boolean ensureIsUpToDate)
   at System.Web.Compilation.BuildManager.GetVPathBuildResultWithNoAssert(HttpContext context, VirtualPath virtualPath, Boolean noBuild, Boolean allowCrossApp, Boolean allowBuildInPrecompile, Boolean throwIfNotFound, Boolean ensureIsUpToDate)
   at System.Web.Compilation.BuildManager.GetVPathBuildResult(HttpContext context, VirtualPath virtualPath, Boolean noBuild, Boolean allowCrossApp, Boolean allowBuildInPrecompile, Boolean ensureIsUpToDate)
   at System.Web.UI.TemplateControl.LoadControl(VirtualPath virtualPath)
   at DotNetNuke.UI.ControlUtilities.LoadControl[T](TemplateControl containerControl, String ControlSrc)
   at DotNetNuke.UI.Modules.ModuleControlFactory.LoadModuleControl(TemplateControl containerControl, ModuleInfo moduleConfiguration)
   at DotNetNuke.UI.Modules.ModuleHost.LoadModuleControl()
2014-08-29 21:07:18,805 [Laptop][Thread:28][FATAL] DotNetNuke.Framework.PageBase - An error has occurred while loading page.
System.Web.HttpException (0x80004005): Page.IsValid cannot be called before validation has taken place. It should be queried in the event handler for a control that has CausesValidation=True and initiated the postback, or after a call to Page.Validate.
   at System.Web.UI.Page.get_IsValid()
   at MyDnn_EHaml.MyDnn_EHaml_Inquiries.Inquiry_ZDF.Page_Load(Object sender, EventArgs e)
   at System.Web.UI.Control.LoadRecursive()
   at System.Web.UI.Control.LoadRecursive()
   at System.Web.UI.Control.LoadRecursive()
   at System.Web.UI.Control.LoadRecursive()
   at System.Web.UI.Control.LoadRecursive()
   at System.Web.UI.Control.LoadRecursive()
   at System.Web.UI.Control.LoadRecursive()
   at System.Web.UI.Control.LoadRecursive()
   at System.Web.UI.Control.LoadRecursive()
   at System.Web.UI.Control.LoadRecursive()
   at System.Web.UI.Control.LoadRecursive()
   at System.Web.UI.Control.LoadRecursive()
   at System.Web.UI.Page.ProcessRequestMain(Boolean includeStagesBeforeAsyncPoint, Boolean includeStagesAfterAsyncPoint)
2014-08-29 21:07:18,936 [Laptop][Thread:28][ERROR] DotNetNuke.Services.Exceptions.Exceptions - DotNetNuke.Services.Exceptions.PageLoadException: Page.IsValid cannot be called before validation has taken place. It should be queried in the event handler for a control that has CausesValidation=True and initiated the postback, or after a call to Page.Validate. ---> System.Web.HttpException: Page.IsValid cannot be called before validation has taken place. It should be queried in the event handler for a control that has CausesValidation=True and initiated the postback, or after a call to Page.Validate.
   at System.Web.UI.Page.get_IsValid()
   at MyDnn_EHaml.MyDnn_EHaml_Inquiries.Inquiry_ZDF.Page_Load(Object sender, EventArgs e)
   at System.Web.UI.Control.LoadRecursive()
   at System.Web.UI.Control.LoadRecursive()
   at System.Web.UI.Control.LoadRecursive()
   at System.Web.UI.Control.LoadRecursive()
   at System.Web.UI.Control.LoadRecursive()
   at System.Web.UI.Control.LoadRecursive()
   at System.Web.UI.Control.LoadRecursive()
   at System.Web.UI.Control.LoadRecursive()
   at System.Web.UI.Control.LoadRecursive()
   at System.Web.UI.Control.LoadRecursive()
   at System.Web.UI.Control.LoadRecursive()
   at System.Web.UI.Control.LoadRecursive()
   at System.Web.UI.Page.ProcessRequestMain(Boolean includeStagesBeforeAsyncPoint, Boolean includeStagesAfterAsyncPoint)
   --- End of inner exception stack trace ---
2014-08-29 23:11:10,693 [Laptop][Thread:7][ERROR] DotNetNuke.UI.Modules.ModuleHost - System.Web.HttpParseException (0x80004005): The server tag is not well formed. ---> System.Web.HttpException (0x80004005): The server tag is not well formed.
   at System.Web.UI.TemplateParser.ProcessError(String message)
   at System.Web.UI.TemplateParser.ParseStringInternal(String text, Encoding fileEncoding)
   at System.Web.UI.TemplateParser.ParseString(String text, VirtualPath virtualPath, Encoding fileEncoding)
   at System.Web.UI.TemplateParser.ParseString(String text, VirtualPath virtualPath, Encoding fileEncoding)
   at System.Web.UI.TemplateParser.ParseFile(String physicalPath, VirtualPath virtualPath)
   at System.Web.UI.TemplateParser.Parse()
   at System.Web.Compilation.BaseTemplateBuildProvider.get_CodeCompilerType()
   at System.Web.Compilation.BuildProvider.GetCompilerTypeFromBuildProvider(BuildProvider buildProvider)
   at System.Web.Compilation.BuildProvidersCompiler.ProcessBuildProviders()
   at System.Web.Compilation.BuildProvidersCompiler.PerformBuild()
   at System.Web.Compilation.BuildManager.CompileWebFile(VirtualPath virtualPath)
   at System.Web.Compilation.BuildManager.GetVPathBuildResultInternal(VirtualPath virtualPath, Boolean noBuild, Boolean allowCrossApp, Boolean allowBuildInPrecompile, Boolean throwIfNotFound, Boolean ensureIsUpToDate)
   at System.Web.Compilation.BuildManager.GetVPathBuildResultWithNoAssert(HttpContext context, VirtualPath virtualPath, Boolean noBuild, Boolean allowCrossApp, Boolean allowBuildInPrecompile, Boolean throwIfNotFound, Boolean ensureIsUpToDate)
   at System.Web.Compilation.BuildManager.GetVPathBuildResult(HttpContext context, VirtualPath virtualPath, Boolean noBuild, Boolean allowCrossApp, Boolean allowBuildInPrecompile, Boolean ensureIsUpToDate)
   at System.Web.UI.TemplateControl.LoadControl(VirtualPath virtualPath)
   at DotNetNuke.UI.ControlUtilities.LoadControl[T](TemplateControl containerControl, String ControlSrc)
   at DotNetNuke.UI.Modules.ModuleControlFactory.LoadModuleControl(TemplateControl containerControl, ModuleInfo moduleConfiguration)
   at DotNetNuke.UI.Modules.ModuleHost.LoadModuleControl()
